<?xml version="1.0" encoding="UTF-8"?>
<!-- Generated by org.testng.reporters.JUnitReportReporter -->
<testsuite hostname="Benny-computer" failures="0" tests="1" name="testcases.LoginTest" time="3.095" errors="0" timestamp="27 Jun 2018 15:51:46 GMT" skipped="0">
  <testcase classname="testcases.LoginTest" name="loginAsBankManager" time="3.095"/>
</testsuite> <!-- testcases.LoginTest -->
