<?xml version="1.0" encoding="UTF-8"?>
<!-- Generated by org.testng.reporters.JUnitReportReporter -->
<testsuite hostname="Benny-computer" failures="0" tests="1" name="testcases.AddCustomerTest" time="2.655" errors="0" timestamp="30 Jun 2018 15:24:43 GMT" skipped="0">
  <testcase classname="testcases.AddCustomerTest" name="addCustomer" time="2.655"/>
</testsuite> <!-- testcases.AddCustomerTest -->
