<?xml version="1.0" encoding="UTF-8"?>
<!-- Generated by org.testng.reporters.JUnitReportReporter -->
<testsuite hostname="Benny-computer" failures="0" tests="1" name="testcases.BankManagerLoginTest" time="0.287" errors="0" timestamp="29 Jun 2018 20:20:13 GMT" skipped="0">
  <testcase classname="testcases.BankManagerLoginTest" name="loginAsBankManager" time="0.287"/>
</testsuite> <!-- testcases.BankManagerLoginTest -->
