<?xml version="1.0" encoding="UTF-8"?>
<!-- Generated by org.testng.reporters.JUnitReportReporter -->
<testsuite hostname="Benny-computer" failures="0" tests="1" name="testcases.LoginTest" time="3.100" errors="0" timestamp="29 Jun 2018 16:46:11 GMT" skipped="0">
  <testcase classname="testcases.LoginTest" name="loginAsBankManager" time="3.100"/>
</testsuite> <!-- testcases.LoginTest -->
