<?xml version="1.0" encoding="UTF-8"?>
<!-- Generated by org.testng.reporters.JUnitReportReporter -->
<testsuite skipped="0" hostname="Benny-computer" name="testcases.BankManagerLoginTest" tests="1" failures="0" timestamp="30 Jun 2018 15:41:15 GMT" time="0.300" errors="0">
  <testcase name="loginAsBankManager" time="0.300" classname="testcases.BankManagerLoginTest"/>
</testsuite> <!-- testcases.BankManagerLoginTest -->
