<?xml version="1.0" encoding="UTF-8"?>
<!-- Generated by org.testng.reporters.JUnitReportReporter -->
<testsuite skipped="0" hostname="Benny-computer" name="testcases.OpenAccountTest" tests="1" failures="0" timestamp="04 Jul 2018 10:12:00 GMT" time="0.614" errors="0">
  <testcase name="openAccountTest" time="0.614" classname="testcases.OpenAccountTest"/>
</testsuite> <!-- testcases.OpenAccountTest -->
