<?xml version="1.0" encoding="UTF-8"?>
<!-- Generated by org.testng.reporters.JUnitReportReporter -->
<testsuite skipped="1" hostname="Benny-computer" name="testcases.AddCustomerTest" tests="4" failures="0" timestamp="04 Jul 2018 10:12:00 GMT" time="1.353" errors="0">
  <testcase name="addCustomerTest" time="0.356" classname="testcases.AddCustomerTest"/>
  <testcase name="addCustomerTest" time="0.325" classname="testcases.AddCustomerTest"/>
  <testcase name="addCustomerTest" time="0.671" classname="testcases.AddCustomerTest"/>
  <testcase name="addCustomerTest" time="0.001" classname="testcases.AddCustomerTest">
    <skipped/>
  </testcase> <!-- addCustomerTest -->
</testsuite> <!-- testcases.AddCustomerTest -->
