<?xml version="1.0" encoding="UTF-8"?>
<!-- Generated by org.testng.reporters.JUnitReportReporter -->
<testsuite skipped="0" hostname="Benny-computer" name="testcases.BankManagerLoginTest" tests="1" failures="0" timestamp="03 Jul 2018 10:27:15 GMT" time="0.307" errors="0">
  <testcase name="bankManagerLoginTest" time="0.307" classname="testcases.BankManagerLoginTest"/>
</testsuite> <!-- testcases.BankManagerLoginTest -->
