<?xml version="1.0" encoding="UTF-8"?>
<!-- Generated by org.testng.reporters.JUnitReportReporter -->
<testsuite skipped="0" hostname="Benny-computer" name="testcases.AddCustomerTest" tests="1" failures="0" timestamp="01 Jul 2018 13:06:30 GMT" time="2.668" errors="0">
  <testcase name="addCustomer" time="2.668" classname="testcases.AddCustomerTest"/>
</testsuite> <!-- testcases.AddCustomerTest -->
