<?xml version="1.0" encoding="UTF-8"?>
<!-- Generated by org.testng.reporters.JUnitReportReporter -->
<testsuite skipped="0" hostname="Benny-computer" name="testcases.AddCustomerTest" tests="1" failures="0" timestamp="30 Jun 2018 15:41:15 GMT" time="2.652" errors="0">
  <testcase name="addCustomer" time="2.652" classname="testcases.AddCustomerTest"/>
</testsuite> <!-- testcases.AddCustomerTest -->
