<?xml version="1.0" encoding="UTF-8"?>
<!-- Generated by org.testng.reporters.JUnitReportReporter -->
<testsuite skipped="0" hostname="Benny-computer" name="testcases.BankManagerLoginTest" tests="1" failures="0" timestamp="01 Jul 2018 14:17:54 GMT" time="0.295" errors="0">
  <testcase name="loginAsBankManager" time="0.295" classname="testcases.BankManagerLoginTest"/>
</testsuite> <!-- testcases.BankManagerLoginTest -->
