<?xml version="1.0" encoding="UTF-8"?>
<!-- Generated by org.testng.reporters.JUnitReportReporter -->
<testsuite skipped="1" hostname="Benny-computer" name="testcases.OpenAccountTest" tests="1" failures="0" timestamp="02 Jul 2018 12:22:50 GMT" time="0.001" errors="0">
  <testcase name="openAccountTest" time="0.001" classname="testcases.OpenAccountTest">
    <skipped/>
  </testcase> <!-- openAccountTest -->
</testsuite> <!-- testcases.OpenAccountTest -->
