<?xml version="1.0" encoding="UTF-8"?>
<!-- Generated by org.testng.reporters.JUnitReportReporter -->
<testsuite skipped="4" hostname="Benny-computer" name="testcases.AddCustomerTest" tests="4" failures="0" timestamp="02 Jul 2018 12:22:50 GMT" time="0.003" errors="0">
  <testcase name="addCustomerTest" time="0.000" classname="testcases.AddCustomerTest">
    <skipped/>
  </testcase> <!-- addCustomerTest -->
  <testcase name="addCustomerTest" time="0.001" classname="testcases.AddCustomerTest">
    <skipped/>
  </testcase> <!-- addCustomerTest -->
  <testcase name="addCustomerTest" time="0.001" classname="testcases.AddCustomerTest">
    <skipped/>
  </testcase> <!-- addCustomerTest -->
  <testcase name="addCustomerTest" time="0.001" classname="testcases.AddCustomerTest">
    <skipped/>
  </testcase> <!-- addCustomerTest -->
</testsuite> <!-- testcases.AddCustomerTest -->
