<?xml version="1.0" encoding="UTF-8"?>
<!-- Generated by org.testng.reporters.JUnitReportReporter -->
<testsuite skipped="0" hostname="Benny-computer" name="testcases.OpenAccountTest" tests="1" failures="0" timestamp="03 Jul 2018 10:27:15 GMT" time="2.634" errors="0">
  <testcase name="openAccountTest" time="2.634" classname="testcases.OpenAccountTest"/>
</testsuite> <!-- testcases.OpenAccountTest -->
