<?xml version="1.0" encoding="UTF-8"?>
<!-- Generated by org.testng.reporters.JUnitReportReporter -->
<testsuite skipped="0" hostname="Benny-computer" name="testcases.BankManagerLoginTest" tests="1" failures="0" timestamp="04 Jul 2018 10:12:00 GMT" time="0.296" errors="0">
  <testcase name="bankManagerLoginTest" time="0.296" classname="testcases.BankManagerLoginTest"/>
</testsuite> <!-- testcases.BankManagerLoginTest -->
