<?xml version="1.0" encoding="UTF-8"?>
<!-- Generated by org.testng.reporters.JUnitReportReporter -->
<testsuite skipped="0" hostname="Benny-computer" name="testcases.BankManagerLoginTest" tests="1" failures="0" timestamp="02 Jul 2018 10:07:22 GMT" time="0.287" errors="0">
  <testcase name="loginAsBankManager" time="0.287" classname="testcases.BankManagerLoginTest"/>
</testsuite> <!-- testcases.BankManagerLoginTest -->
