<?xml version="1.0" encoding="UTF-8"?>
<!-- Generated by org.testng.reporters.JUnitReportReporter -->
<testsuite skipped="0" hostname="Benny-computer" name="testcases.AddCustomerTest" tests="1" failures="0" timestamp="02 Jul 2018 10:07:22 GMT" time="0.673" errors="0">
  <testcase name="addCustomerTest" time="0.673" classname="testcases.AddCustomerTest"/>
</testsuite> <!-- testcases.AddCustomerTest -->
